<?xml version="1.0" encoding="UTF-8"?>
<!-- Generated by org.testng.reporters.JUnitReportReporter -->
<testsuite hostname="Biswajit-PC" name="com.test.TestWebService" tests="1" failures="0" timestamp="21 Apr 2015 12:30:32 GMT" time="2.401" errors="0">
  <testcase name="shouldReturnWeatherDataForWarsaw" time="2.401" classname="com.test.TestWebService"/>
</testsuite> <!-- com.test.TestWebService -->
